<?xml version="1.0" encoding="UTF-8"?>
<testng-results ignored="0" total="5" passed="4" failed="1" skipped="0">
  <reporter-output>
  </reporter-output>
  <suite started-at="2024-04-17T10:11:43 IST" name="Default suite" finished-at="2024-04-17T10:12:53 IST" duration-ms="70264">
    <groups>
      <group name="cucumber">
        <method signature="AbstractTestNGCucumberTests.runScenario(io.cucumber.testng.PickleWrapper,io.cucumber.testng.FeatureWrapper)[pri:0, instance:MbTestRunner.MbRunner@48e1f6c7]" name="runScenario" class="io.cucumber.testng.AbstractTestNGCucumberTests"/>
      </group> <!-- cucumber -->
    </groups>
    <test started-at="2024-04-17T10:11:43 IST" name="Default test" finished-at="2024-04-17T10:12:53 IST" duration-ms="70264">
      <class name="MbTestRunner.MbRunner">
        <test-method is-config="true" signature="setUpClass(org.testng.ITestContext)[pri:0, instance:MbTestRunner.MbRunner@48e1f6c7]" started-at="2024-04-17T10:11:43 IST" name="setUpClass" finished-at="2024-04-17T10:11:44 IST" duration-ms="850" status="PASS">
          <params>
            <param index="0">
              <value>
                <![CDATA[org.testng.TestRunner@450d10cb]]>
              </value>
            </param>
          </params>
          <reporter-output>
          </reporter-output>
        </test-method> <!-- setUpClass -->
        <test-method signature="runScenario(io.cucumber.testng.PickleWrapper,io.cucumber.testng.FeatureWrapper)[pri:0, instance:MbTestRunner.MbRunner@48e1f6c7]" started-at="2024-04-17T10:11:44 IST" name="runScenario" description="Runs Cucumber Scenarios" data-provider="scenarios" finished-at="2024-04-17T10:11:57 IST" duration-ms="12876" status="PASS">
          <params>
            <param index="0">
              <value>
                <![CDATA["to validate show trends button with valid Location"]]>
              </value>
            </param>
            <param index="1">
              <value>
                <![CDATA["To check MB Advice functionality"]]>
              </value>
            </param>
          </params>
          <reporter-output>
          </reporter-output>
        </test-method> <!-- runScenario -->
        <test-method signature="runScenario(io.cucumber.testng.PickleWrapper,io.cucumber.testng.FeatureWrapper)[pri:0, instance:MbTestRunner.MbRunner@48e1f6c7]" started-at="2024-04-17T10:11:57 IST" name="runScenario" description="Runs Cucumber Scenarios" data-provider="scenarios" finished-at="2024-04-17T10:12:10 IST" duration-ms="12933" status="PASS">
          <params>
            <param index="0">
              <value>
                <![CDATA["to validate show trends button with invalid location"]]>
              </value>
            </param>
            <param index="1">
              <value>
                <![CDATA["To check MB Advice functionality"]]>
              </value>
            </param>
          </params>
          <reporter-output>
          </reporter-output>
        </test-method> <!-- runScenario -->
        <test-method signature="runScenario(io.cucumber.testng.PickleWrapper,io.cucumber.testng.FeatureWrapper)[pri:0, instance:MbTestRunner.MbRunner@48e1f6c7]" started-at="2024-04-17T10:12:10 IST" name="runScenario" description="Runs Cucumber Scenarios" data-provider="scenarios" finished-at="2024-04-17T10:12:25 IST" duration-ms="15517" status="PASS">
          <params>
            <param index="0">
              <value>
                <![CDATA["to validate compare localities and project feature"]]>
              </value>
            </param>
            <param index="1">
              <value>
                <![CDATA["To check MB Advice functionality"]]>
              </value>
            </param>
          </params>
          <reporter-output>
          </reporter-output>
        </test-method> <!-- runScenario -->
        <test-method signature="runScenario(io.cucumber.testng.PickleWrapper,io.cucumber.testng.FeatureWrapper)[pri:0, instance:MbTestRunner.MbRunner@48e1f6c7]" started-at="2024-04-17T10:12:25 IST" name="runScenario" description="Runs Cucumber Scenarios" data-provider="scenarios" finished-at="2024-04-17T10:12:44 IST" duration-ms="19033" status="PASS">
          <params>
            <param index="0">
              <value>
                <![CDATA["to validate new project functionality"]]>
              </value>
            </param>
            <param index="1">
              <value>
                <![CDATA["To check MB Advice functionality"]]>
              </value>
            </param>
          </params>
          <reporter-output>
          </reporter-output>
        </test-method> <!-- runScenario -->
        <test-method signature="runScenario(io.cucumber.testng.PickleWrapper,io.cucumber.testng.FeatureWrapper)[pri:0, instance:MbTestRunner.MbRunner@48e1f6c7]" started-at="2024-04-17T10:12:44 IST" name="runScenario" description="Runs Cucumber Scenarios" data-provider="scenarios" finished-at="2024-04-17T10:12:52 IST" duration-ms="7875" status="FAIL">
          <params>
            <param index="0">
              <value>
                <![CDATA["to validate find pincode functionality"]]>
              </value>
            </param>
            <param index="1">
              <value>
                <![CDATA["To check MB Advice functionality"]]>
              </value>
            </param>
          </params>
          <exception class="java.lang.AssertionError">
            <message>
              <![CDATA[expected [Please select locality] but found []]]>
            </message>
            <full-stacktrace>
              <![CDATA[java.lang.AssertionError: expected [Please select locality] but found []
at org.testng.Assert.fail(Assert.java:111)
at org.testng.Assert.failNotEquals(Assert.java:1578)
at org.testng.Assert.assertEqualsImpl(Assert.java:150)
at org.testng.Assert.assertEquals(Assert.java:132)
at org.testng.Assert.assertEquals(Assert.java:656)
at org.testng.Assert.assertEquals(Assert.java:666)
at MbStepDefinition.Mb_Advice.it_should_display_an_error_message(Mb_Advice.java:297)
at âœ½.It should display an error message(file:///C:/Users/pisharad/OneDrive%20-%20Capgemini/Desktop/Sprint2/MB_Advice/src/test/resource/MbFeatures/MbAdvice.feature:69)
]]>
            </full-stacktrace>
          </exception> <!-- java.lang.AssertionError -->
          <reporter-output>
          </reporter-output>
        </test-method> <!-- runScenario -->
        <test-method is-config="true" signature="tearDownClass()[pri:0, instance:MbTestRunner.MbRunner@48e1f6c7]" started-at="2024-04-17T10:12:52 IST" name="tearDownClass" finished-at="2024-04-17T10:12:53 IST" duration-ms="1059" status="PASS">
          <reporter-output>
          </reporter-output>
        </test-method> <!-- tearDownClass -->
      </class> <!-- MbTestRunner.MbRunner -->
    </test> <!-- Default test -->
  </suite> <!-- Default suite -->
</testng-results>
