<?xml version="1.0" encoding="UTF-8"?>
<!-- Generated by org.testng.reporters.JUnitReportReporter -->
<testsuite hostname="LIN-FZB9KN3" failures="1" tests="5" name="MbTestRunner.MbRunner" time="68.234" errors="0" timestamp="2024-04-17T10:12:54 IST" skipped="0">
  <testcase classname="MbTestRunner.MbRunner" name="runScenario" time="12.876"/>
  <testcase classname="MbTestRunner.MbRunner" name="runScenario" time="15.517"/>
  <testcase classname="MbTestRunner.MbRunner" name="runScenario" time="19.033"/>
  <testcase classname="MbTestRunner.MbRunner" name="runScenario" time="12.933"/>
  <testcase classname="MbTestRunner.MbRunner" name="runScenario" time="7.875">
    <failure message="expected [Please select locality] but found []" type="java.lang.AssertionError">
      <![CDATA[java.lang.AssertionError: expected [Please select locality] but found []
at org.testng.Assert.fail(Assert.java:111)
at org.testng.Assert.failNotEquals(Assert.java:1578)
at org.testng.Assert.assertEqualsImpl(Assert.java:150)
at org.testng.Assert.assertEquals(Assert.java:132)
at org.testng.Assert.assertEquals(Assert.java:656)
at org.testng.Assert.assertEquals(Assert.java:666)
at MbStepDefinition.Mb_Advice.it_should_display_an_error_message(Mb_Advice.java:297)
at âœ½.It should display an error message(file:///C:/Users/pisharad/OneDrive%20-%20Capgemini/Desktop/Sprint2/MB_Advice/src/test/resource/MbFeatures/MbAdvice.feature:69)
]]>
    </failure>
  </testcase> <!-- runScenario -->
</testsuite> <!-- MbTestRunner.MbRunner -->
